<?xml version="1.0" encoding="UTF-8"?>
<!-- Generated by org.testng.reporters.JUnitXMLReporter -->
<testsuite ignored="0" hostname="DESKTOP-AE" failures="1" tests="1" name="Test" time="5.459" errors="0" timestamp="2023-04-16T00:11:47 PST">
  <testcase classname="LoginPage.TS_LOGIN_PAGE_01" name="TC_LP_00" time="5.384">
    <failure type="java.lang.AssertionError" message="The following asserts failed:
	expected [https://www.saucedemo.com/] but found [https://www.saucedemo.com/asd]">
      <![CDATA[java.lang.AssertionError: The following asserts failed:
expected [https://www.saucedemo.com/] but found [https://www.saucedemo.com/asd]
at LoginPage.TS_LOGIN_PAGE_01.TC_LP_00(TS_LOGIN_PAGE_01.java:36)
at java.base/java.util.ArrayList.forEach(ArrayList.java:1511)
... Removed 29 stack frames]]>
    </failure>
  </testcase> <!-- TC_LP_00 -->
</testsuite> <!-- Test -->
